This file contains any messages produced by compilers while
running configure, to aid debugging if configure makes a mistake.

It was created by configure, which was
generated by GNU Autoconf 2.69.  Invocation command line was

  $ ./configure 

## --------- ##
## Platform. ##
## --------- ##

hostname = reports.ahmadiyya.ca
uname -m = x86_64
uname -r = 3.10.0-327.el7.x86_64
uname -s = Linux
uname -v = #1 SMP Thu Nov 19 22:10:57 UTC 2015

/usr/bin/uname -p = x86_64
/bin/uname -X     = unknown

/bin/arch              = x86_64
/usr/bin/arch -k       = unknown
/usr/convex/getsysinfo = unknown
/usr/bin/hostinfo      = unknown
/bin/machine           = unknown
/usr/bin/oslevel       = unknown
/bin/universe          = unknown

PATH: /usr/local/sbin
PATH: /usr/local/bin
PATH: /sbin
PATH: /bin
PATH: /usr/sbin
PATH: /usr/bin
PATH: /root/bin


## ----------- ##
## Core tests. ##
## ----------- ##

configure:2077: checking for grep that handles long lines and -e
configure:2135: result: /bin/grep
configure:2140: checking for egrep
configure:2202: result: /bin/grep -E
configure:2207: checking for a sed that does not truncate output
configure:2271: result: /bin/sed
configure:2405: checking for cc
configure:2421: found /bin/cc
configure:2432: result: cc
configure:2463: checking for C compiler version
configure:2472: cc --version >&5
cc (GCC) 4.8.5 20150623 (Red Hat 4.8.5-4)
Copyright (C) 2015 Free Software Foundation, Inc.
This is free software; see the source for copying conditions.  There is NO
warranty; not even for MERCHANTABILITY or FITNESS FOR A PARTICULAR PURPOSE.

configure:2483: $? = 0
configure:2472: cc -v >&5
Using built-in specs.
COLLECT_GCC=cc
COLLECT_LTO_WRAPPER=/usr/libexec/gcc/x86_64-redhat-linux/4.8.5/lto-wrapper
Target: x86_64-redhat-linux
Configured with: ../configure --prefix=/usr --mandir=/usr/share/man --infodir=/usr/share/info --with-bugurl=http://bugzilla.redhat.com/bugzilla --enable-bootstrap --enable-shared --enable-threads=posix --enable-checking=release --with-system-zlib --enable-__cxa_atexit --disable-libunwind-exceptions --enable-gnu-unique-object --enable-linker-build-id --with-linker-hash-style=gnu --enable-languages=c,c++,objc,obj-c++,java,fortran,ada,go,lto --enable-plugin --enable-initfini-array --disable-libgcj --with-isl=/builddir/build/BUILD/gcc-4.8.5-20150702/obj-x86_64-redhat-linux/isl-install --with-cloog=/builddir/build/BUILD/gcc-4.8.5-20150702/obj-x86_64-redhat-linux/cloog-install --enable-gnu-indirect-function --with-tune=generic --with-arch_32=x86-64 --build=x86_64-redhat-linux
Thread model: posix
gcc version 4.8.5 20150623 (Red Hat 4.8.5-4) (GCC) 
configure:2483: $? = 0
configure:2472: cc -V >&5
cc: error: unrecognized command line option '-V'
cc: fatal error: no input files
compilation terminated.
configure:2483: $? = 4
configure:2472: cc -qversion >&5
cc: error: unrecognized command line option '-qversion'
cc: fatal error: no input files
compilation terminated.
configure:2483: $? = 4
configure:2503: checking whether the C compiler works
configure:2525: cc    conftest.c  >&5
configure:2529: $? = 0
configure:2577: result: yes
configure:2580: checking for C compiler default output file name
configure:2582: result: a.out
configure:2588: checking for suffix of executables
configure:2595: cc -o conftest    conftest.c  >&5
configure:2599: $? = 0
configure:2621: result: 
configure:2643: checking whether we are cross compiling
configure:2651: cc -o conftest    conftest.c  >&5
configure:2655: $? = 0
configure:2662: ./conftest
configure:2666: $? = 0
configure:2681: result: no
configure:2686: checking for suffix of object files
configure:2708: cc -c   conftest.c >&5
configure:2712: $? = 0
configure:2733: result: o
configure:2737: checking whether we are using the GNU C compiler
configure:2756: cc -c   conftest.c >&5
configure:2756: $? = 0
configure:2765: result: yes
configure:2774: checking whether cc accepts -g
configure:2794: cc -c -g  conftest.c >&5
configure:2794: $? = 0
configure:2835: result: yes
configure:2852: checking for cc option to accept ISO C89
configure:2915: cc  -c -g -O2  conftest.c >&5
configure:2915: $? = 0
configure:2928: result: none needed
configure:2954: checking how to run the C preprocessor
configure:2985: cc -E  conftest.c
configure:2985: $? = 0
configure:2999: cc -E  conftest.c
conftest.c:9:28: fatal error: ac_nonexistent.h: No such file or directory
 #include <ac_nonexistent.h>
                            ^
compilation terminated.
configure:2999: $? = 1
configure: failed program was:
| /* confdefs.h */
| #define PACKAGE_NAME ""
| #define PACKAGE_TARNAME ""
| #define PACKAGE_VERSION ""
| #define PACKAGE_STRING ""
| #define PACKAGE_BUGREPORT ""
| #define PACKAGE_URL ""
| /* end confdefs.h.  */
| #include <ac_nonexistent.h>
configure:3024: result: cc -E
configure:3044: cc -E  conftest.c
configure:3044: $? = 0
configure:3058: cc -E  conftest.c
conftest.c:9:28: fatal error: ac_nonexistent.h: No such file or directory
 #include <ac_nonexistent.h>
                            ^
compilation terminated.
configure:3058: $? = 1
configure: failed program was:
| /* confdefs.h */
| #define PACKAGE_NAME ""
| #define PACKAGE_TARNAME ""
| #define PACKAGE_VERSION ""
| #define PACKAGE_STRING ""
| #define PACKAGE_BUGREPORT ""
| #define PACKAGE_URL ""
| /* end confdefs.h.  */
| #include <ac_nonexistent.h>
configure:3089: checking for icc
configure:3098: result: no
configure:3112: checking for suncc
configure:3121: result: no
configure:3139: checking whether cc understands -c and -o together
configure:3167: cc -c conftest.c -o conftest2.o >&5
configure:3171: $? = 0
configure:3177: cc -c conftest.c -o conftest2.o >&5
configure:3181: $? = 0
configure:3236: result: yes
configure:3250: checking for system library directory
configure:3265: result: lib
configure:3272: checking if compiler supports -R
configure:3291: cc -o conftest -g -O2   conftest.c -R /usr/lib  >&5
cc: error: unrecognized command line option '-R'
configure:3291: $? = 1
configure: failed program was:
| /* confdefs.h */
| #define PACKAGE_NAME ""
| #define PACKAGE_TARNAME ""
| #define PACKAGE_VERSION ""
| #define PACKAGE_STRING ""
| #define PACKAGE_BUGREPORT ""
| #define PACKAGE_URL ""
| /* end confdefs.h.  */
| 
| int
| main ()
| {
| 
|   ;
|   return 0;
| }
configure:3301: result: no
configure:3306: checking if compiler supports -Wl,-rpath,
configure:3325: cc -o conftest -g -O2   conftest.c -Wl,-rpath,/usr/lib  >&5
configure:3325: $? = 0
configure:3335: result: yes
configure:3380: checking build system type
configure:3394: result: x86_64-unknown-linux-gnu
configure:3414: checking host system type
configure:3427: result: x86_64-unknown-linux-gnu
configure:3447: checking target system type
configure:3460: result: x86_64-unknown-linux-gnu
configure:3563: checking for PHP prefix
configure:3565: result: /usr
configure:3567: checking for PHP includes
configure:3569: result: -I/usr/include/php -I/usr/include/php/main -I/usr/include/php/TSRM -I/usr/include/php/Zend -I/usr/include/php/ext -I/usr/include/php/ext/date/lib
configure:3571: checking for PHP extension directory
configure:3573: result: /usr/lib64/php/modules
configure:3575: checking for PHP installed headers prefix
configure:3577: result: /usr/include/php
configure:3580: checking if debug is enabled
configure:3606: result: no
configure:3609: checking if zts is enabled
configure:3635: result: no
configure:3706: checking for re2c
configure:3736: result: no
configure:3761: WARNING: You will need re2c 0.13.4 or later if you want to regenerate PHP parsers.
configure:3775: checking for gawk
configure:3792: found /bin/gawk
configure:3803: result: gawk
configure:3846: checking Whether to enable SHA3 support
configure:3885: result: yes, shared
configure:4242: checking how to print strings
configure:4269: result: printf
configure:4290: checking for a sed that does not truncate output
configure:4354: result: /bin/sed
configure:4372: checking for fgrep
configure:4434: result: /bin/grep -F
configure:4469: checking for ld used by cc
configure:4536: result: /bin/ld
configure:4543: checking if the linker (/bin/ld) is GNU ld
configure:4558: result: yes
configure:4570: checking for BSD- or MS-compatible name lister (nm)
configure:4619: result: /bin/nm -B
configure:4749: checking the name lister (/bin/nm -B) interface
configure:4756: cc -c -g -O2  conftest.c >&5
configure:4759: /bin/nm -B "conftest.o"
configure:4762: output
0000000000000000 B some_variable
configure:4769: result: BSD nm
configure:4772: checking whether ln -s works
configure:4776: result: yes
configure:4784: checking the maximum length of command line arguments
configure:4914: result: 1572864
configure:4931: checking whether the shell understands some XSI constructs
configure:4941: result: yes
configure:4945: checking whether the shell understands "+="
configure:4951: result: yes
configure:4986: checking how to convert x86_64-unknown-linux-gnu file names to x86_64-unknown-linux-gnu format
configure:5026: result: func_convert_file_noop
configure:5033: checking how to convert x86_64-unknown-linux-gnu file names to toolchain format
configure:5053: result: func_convert_file_noop
configure:5060: checking for /bin/ld option to reload object files
configure:5067: result: -r
configure:5141: checking for objdump
configure:5157: found /bin/objdump
configure:5168: result: objdump
configure:5200: checking how to recognize dependent libraries
configure:5402: result: pass_all
configure:5487: checking for dlltool
configure:5517: result: no
configure:5547: checking how to associate runtime and link libraries
configure:5574: result: printf %s\n
configure:5634: checking for ar
configure:5650: found /bin/ar
configure:5661: result: ar
configure:5698: checking for archiver @FILE support
configure:5715: cc -c -g -O2  conftest.c >&5
configure:5715: $? = 0
configure:5718: ar cru libconftest.a @conftest.lst >&5
configure:5721: $? = 0
configure:5726: ar cru libconftest.a @conftest.lst >&5
ar: conftest.o: No such file or directory
configure:5729: $? = 1
configure:5741: result: @
configure:5799: checking for strip
configure:5815: found /bin/strip
configure:5826: result: strip
configure:5898: checking for ranlib
configure:5914: found /bin/ranlib
configure:5925: result: ranlib
configure:6002: checking for gawk
configure:6029: result: gawk
configure:6069: checking command to parse /bin/nm -B output from cc object
configure:6189: cc -c -g -O2  conftest.c >&5
configure:6192: $? = 0
configure:6196: /bin/nm -B conftest.o \| sed -n -e 's/^.*[ ]\([ABCDGIRSTW][ABCDGIRSTW]*\)[ ][ ]*\([_A-Za-z][_A-Za-z0-9]*\)$/\1 \2 \2/p' | sed '/ __gnu_lto/d' \> conftest.nm
configure:6199: $? = 0
configure:6265: cc -o conftest -g -O2   conftest.c conftstm.o >&5
configure:6268: $? = 0
configure:6306: result: ok
configure:6343: checking for sysroot
configure:6373: result: no
configure:6450: cc -c -g -O2  conftest.c >&5
configure:6453: $? = 0
configure:6629: checking for mt
configure:6659: result: no
configure:6679: checking if : is a manifest tool
configure:6685: : '-?'
configure:6693: result: no
configure:7330: checking for ANSI C header files
configure:7350: cc -c -g -O2  conftest.c >&5
configure:7350: $? = 0
configure:7423: cc -o conftest -g -O2   conftest.c  >&5
configure:7423: $? = 0
configure:7423: ./conftest
configure:7423: $? = 0
configure:7434: result: yes
configure:7447: checking for sys/types.h
configure:7447: cc -c -g -O2  conftest.c >&5
configure:7447: $? = 0
configure:7447: result: yes
configure:7447: checking for sys/stat.h
configure:7447: cc -c -g -O2  conftest.c >&5
configure:7447: $? = 0
configure:7447: result: yes
configure:7447: checking for stdlib.h
configure:7447: cc -c -g -O2  conftest.c >&5
configure:7447: $? = 0
configure:7447: result: yes
configure:7447: checking for string.h
configure:7447: cc -c -g -O2  conftest.c >&5
configure:7447: $? = 0
configure:7447: result: yes
configure:7447: checking for memory.h
configure:7447: cc -c -g -O2  conftest.c >&5
configure:7447: $? = 0
configure:7447: result: yes
configure:7447: checking for strings.h
configure:7447: cc -c -g -O2  conftest.c >&5
configure:7447: $? = 0
configure:7447: result: yes
configure:7447: checking for inttypes.h
configure:7447: cc -c -g -O2  conftest.c >&5
configure:7447: $? = 0
configure:7447: result: yes
configure:7447: checking for stdint.h
configure:7447: cc -c -g -O2  conftest.c >&5
configure:7447: $? = 0
configure:7447: result: yes
configure:7447: checking for unistd.h
configure:7447: cc -c -g -O2  conftest.c >&5
configure:7447: $? = 0
configure:7447: result: yes
configure:7461: checking for dlfcn.h
configure:7461: cc -c -g -O2  conftest.c >&5
configure:7461: $? = 0
configure:7461: result: yes
configure:7667: checking for objdir
configure:7682: result: .libs
configure:7953: checking if cc supports -fno-rtti -fno-exceptions
configure:7971: cc -c -g -O2  -fno-rtti -fno-exceptions conftest.c >&5
cc1: warning: command line option '-fno-rtti' is valid for C++/ObjC++ but not for C [enabled by default]
configure:7975: $? = 0
configure:7988: result: no
configure:8315: checking for cc option to produce PIC
configure:8322: result: -fPIC -DPIC
configure:8330: checking if cc PIC flag -fPIC -DPIC works
configure:8348: cc -c -g -O2  -fPIC -DPIC -DPIC conftest.c >&5
configure:8352: $? = 0
configure:8365: result: yes
configure:8394: checking if cc static flag -static works
configure:8422: result: no
configure:8437: checking if cc supports -c -o file.o
configure:8458: cc -c -g -O2  -o out/conftest2.o conftest.c >&5
configure:8462: $? = 0
configure:8484: result: yes
configure:8492: checking if cc supports -c -o file.o
configure:8539: result: yes
configure:8572: checking whether the cc linker (/bin/ld -m elf_x86_64) supports shared libraries
configure:9725: result: yes
configure:9762: checking whether -lc should be explicitly linked in
configure:9770: cc -c -g -O2  conftest.c >&5
configure:9773: $? = 0
configure:9788: cc -shared  -fPIC -DPIC conftest.o  -v -Wl,-soname -Wl,conftest -o conftest 2\>\&1 \| /bin/grep  -lc  \>/dev/null 2\>\&1
configure:9791: $? = 0
configure:9805: result: no
configure:9965: checking dynamic linker characteristics
configure:10476: cc -o conftest -g -O2   -Wl,-rpath -Wl,/foo conftest.c  >&5
configure:10476: $? = 0
configure:10702: result: GNU/Linux ld.so
configure:10809: checking how to hardcode library paths into programs
configure:10834: result: immediate
configure:11374: checking whether stripping libraries is possible
configure:11379: result: yes
configure:11414: checking if libtool supports shared libraries
configure:11416: result: yes
configure:11419: checking whether to build shared libraries
configure:11440: result: yes
configure:11443: checking whether to build static libraries
configure:11447: result: no
configure:11723: creating ./config.status

## ---------------------- ##
## Running config.status. ##
## ---------------------- ##

This file was extended by config.status, which was
generated by GNU Autoconf 2.69.  Invocation command line was

  CONFIG_FILES    = 
  CONFIG_HEADERS  = 
  CONFIG_LINKS    = 
  CONFIG_COMMANDS = 
  $ ./config.status 

on reports.ahmadiyya.ca

config.status:886: creating config.h
config.status:976: config.h is unchanged
config.status:990: executing libtool commands

## ---------------- ##
## Cache variables. ##
## ---------------- ##

ac_cv_build=x86_64-unknown-linux-gnu
ac_cv_c_compiler_gnu=yes
ac_cv_env_CC_set=
ac_cv_env_CC_value=
ac_cv_env_CFLAGS_set=
ac_cv_env_CFLAGS_value=
ac_cv_env_CPPFLAGS_set=
ac_cv_env_CPPFLAGS_value=
ac_cv_env_CPP_set=
ac_cv_env_CPP_value=
ac_cv_env_LDFLAGS_set=
ac_cv_env_LDFLAGS_value=
ac_cv_env_LIBS_set=
ac_cv_env_LIBS_value=
ac_cv_env_build_alias_set=
ac_cv_env_build_alias_value=
ac_cv_env_host_alias_set=
ac_cv_env_host_alias_value=
ac_cv_env_target_alias_set=
ac_cv_env_target_alias_value=
ac_cv_header_dlfcn_h=yes
ac_cv_header_inttypes_h=yes
ac_cv_header_memory_h=yes
ac_cv_header_stdc=yes
ac_cv_header_stdint_h=yes
ac_cv_header_stdlib_h=yes
ac_cv_header_string_h=yes
ac_cv_header_strings_h=yes
ac_cv_header_sys_stat_h=yes
ac_cv_header_sys_types_h=yes
ac_cv_header_unistd_h=yes
ac_cv_host=x86_64-unknown-linux-gnu
ac_cv_objext=o
ac_cv_path_EGREP='/bin/grep -E'
ac_cv_path_FGREP='/bin/grep -F'
ac_cv_path_GREP=/bin/grep
ac_cv_path_SED=/bin/sed
ac_cv_prog_AWK=gawk
ac_cv_prog_CPP='cc -E'
ac_cv_prog_ac_ct_AR=ar
ac_cv_prog_ac_ct_CC=cc
ac_cv_prog_ac_ct_OBJDUMP=objdump
ac_cv_prog_ac_ct_RANLIB=ranlib
ac_cv_prog_ac_ct_STRIP=strip
ac_cv_prog_cc_c89=
ac_cv_prog_cc_cc_c_o=yes
ac_cv_prog_cc_g=yes
ac_cv_target=x86_64-unknown-linux-gnu
lt_cv_ar_at_file=@
lt_cv_archive_cmds_need_lc=no
lt_cv_deplibs_check_method=pass_all
lt_cv_file_magic_cmd='$MAGIC_CMD'
lt_cv_file_magic_test_file=
lt_cv_ld_reload_flag=-r
lt_cv_nm_interface='BSD nm'
lt_cv_objdir=.libs
lt_cv_path_LD=/bin/ld
lt_cv_path_NM='/bin/nm -B'
lt_cv_path_mainfest_tool=no
lt_cv_prog_compiler_c_o=yes
lt_cv_prog_compiler_pic='-fPIC -DPIC'
lt_cv_prog_compiler_pic_works=yes
lt_cv_prog_compiler_rtti_exceptions=no
lt_cv_prog_compiler_static_works=no
lt_cv_prog_gnu_ld=yes
lt_cv_sharedlib_from_linklib_cmd='printf %s\n'
lt_cv_shlibpath_overrides_runpath=no
lt_cv_sys_global_symbol_pipe='sed -n -e '\''s/^.*[	 ]\([ABCDGIRSTW][ABCDGIRSTW]*\)[	 ][	 ]*\([_A-Za-z][_A-Za-z0-9]*\)$/\1 \2 \2/p'\'' | sed '\''/ __gnu_lto/d'\'''
lt_cv_sys_global_symbol_to_c_name_address='sed -n -e '\''s/^: \([^ ]*\)[ ]*$/  {\"\1\", (void *) 0},/p'\'' -e '\''s/^[ABCDGIRSTW]* \([^ ]*\) \([^ ]*\)$/  {"\2", (void *) \&\2},/p'\'''
lt_cv_sys_global_symbol_to_c_name_address_lib_prefix='sed -n -e '\''s/^: \([^ ]*\)[ ]*$/  {\"\1\", (void *) 0},/p'\'' -e '\''s/^[ABCDGIRSTW]* \([^ ]*\) \(lib[^ ]*\)$/  {"\2", (void *) \&\2},/p'\'' -e '\''s/^[ABCDGIRSTW]* \([^ ]*\) \([^ ]*\)$/  {"lib\2", (void *) \&\2},/p'\'''
lt_cv_sys_global_symbol_to_cdecl='sed -n -e '\''s/^T .* \(.*\)$/extern int \1();/p'\'' -e '\''s/^[ABCDGIRSTW]* .* \(.*\)$/extern char \1;/p'\'''
lt_cv_sys_max_cmd_len=1572864
lt_cv_to_host_file_cmd=func_convert_file_noop
lt_cv_to_tool_file_cmd=func_convert_file_noop
php_cv_cc_dashr=no
php_cv_cc_rpath=yes

## ----------------- ##
## Output variables. ##
## ----------------- ##

AR='ar'
AWK='gawk'
CC='cc'
CFLAGS='-g -O2'
CONFIGURE_COMMAND=' '\''./configure'\'' '
CONFIGURE_OPTIONS=''
CPP='cc -E'
CPPFLAGS=' -DHAVE_CONFIG_H'
DEFS='-DHAVE_CONFIG_H'
DLLTOOL='false'
DSYMUTIL=''
DUMPBIN=''
ECHO_C=''
ECHO_N='-n'
ECHO_T=''
EGREP='/bin/grep -E'
EXEEXT=''
FGREP='/bin/grep -F'
GREP='/bin/grep'
LD='/bin/ld -m elf_x86_64'
LDFLAGS=''
LIBOBJS=''
LIBS=''
LIBTOOL='$(SHELL) $(top_builddir)/libtool'
LIPO=''
LN_S='ln -s'
LTLIBOBJS=''
MANIFEST_TOOL=':'
NM='/bin/nm -B'
NMEDIT=''
OBJDUMP='objdump'
OBJEXT='o'
OTOOL64=''
OTOOL=''
PACKAGE_BUGREPORT=''
PACKAGE_NAME=''
PACKAGE_STRING=''
PACKAGE_TARNAME=''
PACKAGE_URL=''
PACKAGE_VERSION=''
PATH_SEPARATOR=':'
RANLIB='ranlib'
RE2C='exit 0;'
SED='/bin/sed'
SHELL='/bin/sh'
SHLIB_DL_SUFFIX_NAME='so'
SHLIB_SUFFIX_NAME='so'
STRIP='strip'
ac_ct_AR='ar'
ac_ct_CC='cc'
ac_ct_DUMPBIN=''
bindir='${exec_prefix}/bin'
build='x86_64-unknown-linux-gnu'
build_alias=''
build_cpu='x86_64'
build_os='linux-gnu'
build_vendor='unknown'
datadir='${datarootdir}'
datarootdir='${prefix}/share'
docdir='${datarootdir}/doc/${PACKAGE}'
dvidir='${docdir}'
exec_prefix='$(prefix)'
host='x86_64-unknown-linux-gnu'
host_alias='x86_64-unknown-linux-gnu'
host_cpu='x86_64'
host_os='linux-gnu'
host_vendor='unknown'
htmldir='${docdir}'
includedir='${prefix}/include'
infodir='${datarootdir}/info'
libdir='${exec_prefix}/lib'
libexecdir='${exec_prefix}/libexec'
localedir='${datarootdir}/locale'
localstatedir='${prefix}/var'
mandir='${datarootdir}/man'
oldincludedir='/usr/include'
pdfdir='${docdir}'
prefix='/usr'
program_transform_name='s,x,x,'
psdir='${docdir}'
sbindir='${exec_prefix}/sbin'
sharedstatedir='${prefix}/com'
sysconfdir='${prefix}/etc'
target='x86_64-unknown-linux-gnu'
target_alias=''
target_cpu='x86_64'
target_os='linux-gnu'
target_vendor='unknown'

## ----------- ##
## confdefs.h. ##
## ----------- ##

/* confdefs.h */
#define PACKAGE_NAME ""
#define PACKAGE_TARNAME ""
#define PACKAGE_VERSION ""
#define PACKAGE_STRING ""
#define PACKAGE_BUGREPORT ""
#define PACKAGE_URL ""
#define COMPILE_DL_SHA3 1
#define STDC_HEADERS 1
#define HAVE_SYS_TYPES_H 1
#define HAVE_SYS_STAT_H 1
#define HAVE_STDLIB_H 1
#define HAVE_STRING_H 1
#define HAVE_MEMORY_H 1
#define HAVE_STRINGS_H 1
#define HAVE_INTTYPES_H 1
#define HAVE_STDINT_H 1
#define HAVE_UNISTD_H 1
#define HAVE_DLFCN_H 1
#define LT_OBJDIR ".libs/"

configure: exit 0
